<?xml version="1.0" encoding="UTF-8"?>
<!-- Generated by org.testng.reporters.JUnitReportReporter -->
<testsuite hostname="IGNP-LPWDEV0167" failures="0" tests="1" name="maven_demo.LoginTest" time="0.421" errors="0" timestamp="2024-05-28T04:09:56 IST" skipped="0">
  <testcase classname="maven_demo.LoginTest" name="Login_Success" time="0.421"/>
  <system-out/>
</testsuite> <!-- maven_demo.LoginTest -->
